<?xml version="1.0" encoding="UTF-8" ?>
<testsuite failures="0" time="0.892" errors="0" skipped="0" tests="1" name="org.jasig.cas.util.AutowiringSchedulerFactoryBeanTests">
  <properties>
    <property name="java.runtime.name" value="Java(TM) SE Runtime Environment"/>
    <property name="sun.boot.library.path" value="/usr/lib/jvm/java/jdk1.6.0_33/jre/lib/amd64"/>
    <property name="java.vm.version" value="20.8-b03"/>
    <property name="java.vm.vendor" value="Sun Microsystems Inc."/>
    <property name="java.vendor.url" value="http://java.sun.com/"/>
    <property name="path.separator" value=":"/>
    <property name="java.vm.name" value="Java HotSpot(TM) 64-Bit Server VM"/>
    <property name="file.encoding.pkg" value="sun.io"/>
    <property name="user.country" value="US"/>
    <property name="sun.java.launcher" value="SUN_STANDARD"/>
    <property name="sun.os.patch.level" value="unknown"/>
    <property name="java.vm.specification.name" value="Java Virtual Machine Specification"/>
    <property name="user.dir" value="/home/chongyu/workspace/mikeccydemo/cas/cas-server/cas-server-3.4.12/cas-server-webapp"/>
    <property name="java.runtime.version" value="1.6.0_33-b03"/>
    <property name="java.awt.graphicsenv" value="sun.awt.X11GraphicsEnvironment"/>
    <property name="basedir" value="/home/chongyu/workspace/mikeccydemo/cas/cas-server/cas-server-3.4.12/cas-server-webapp"/>
    <property name="java.endorsed.dirs" value="/usr/lib/jvm/java/jdk1.6.0_33/jre/lib/endorsed"/>
    <property name="os.arch" value="amd64"/>
    <property name="surefire.real.class.path" value="/tmp/surefirebooter676534180388355149.jar"/>
    <property name="java.io.tmpdir" value="/tmp"/>
    <property name="line.separator" value="
"/>
    <property name="java.vm.specification.vendor" value="Sun Microsystems Inc."/>
    <property name="os.name" value="Linux"/>
    <property name="sun.jnu.encoding" value="UTF-8"/>
    <property name="java.library.path" value="/usr/lib/jvm/java/jdk1.6.0_33/jre/lib/amd64/server:/usr/lib/jvm/java/jdk1.6.0_33/jre/lib/amd64:/usr/lib/jvm/java/jdk1.6.0_33/jre/../lib/amd64:/usr/java/packages/lib/amd64:/usr/lib64:/lib64:/lib:/usr/lib"/>
    <property name="surefire.test.class.path" value="/home/chongyu/workspace/mikeccydemo/cas/cas-server/cas-server-3.4.12/cas-server-webapp/target/test-classes:/home/chongyu/workspace/mikeccydemo/cas/cas-server/cas-server-3.4.12/cas-server-webapp/target/classes:/root/.m2/repository/org/mockito/mockito-all/1.8.5/mockito-all-1.8.5.jar:/root/.m2/repository/com/github/inspektr/inspektr-support-spring/1.0.5.GA/inspektr-support-spring-1.0.5.GA.jar:/root/.m2/repository/com/github/inspektr/inspektr-audit/1.0.5.GA/inspektr-audit-1.0.5.GA.jar:/root/.m2/repository/org/aspectj/aspectjrt/1.6.10/aspectjrt-1.6.10.jar:/root/.m2/repository/com/github/inspektr/inspektr-common/1.0.5.GA/inspektr-common-1.0.5.GA.jar:/root/.m2/repository/org/slf4j/slf4j-api/1.5.8/slf4j-api-1.5.8.jar:/root/.m2/repository/javax/validation/validation-api/1.0.0.GA/validation-api-1.0.0.GA.jar:/root/.m2/repository/com/github/inspektr/inspektr-error/1.0.5.GA/inspektr-error-1.0.5.GA.jar:/root/.m2/repository/org/springframework/spring-web/3.0.5.RELEASE/spring-web-3.0.5.RELEASE.jar:/root/.m2/repository/aopalliance/aopalliance/1.0/aopalliance-1.0.jar:/root/.m2/repository/org/springframework/spring-beans/3.0.5.RELEASE/spring-beans-3.0.5.RELEASE.jar:/root/.m2/repository/org/springframework/spring-core/3.0.5.RELEASE/spring-core-3.0.5.RELEASE.jar:/root/.m2/repository/org/springframework/spring-asm/3.0.5.RELEASE/spring-asm-3.0.5.RELEASE.jar:/root/.m2/repository/org/springframework/spring-context/3.0.5.RELEASE/spring-context-3.0.5.RELEASE.jar:/root/.m2/repository/org/springframework/spring-aop/3.0.5.RELEASE/spring-aop-3.0.5.RELEASE.jar:/root/.m2/repository/org/springframework/spring-expression/3.0.5.RELEASE/spring-expression-3.0.5.RELEASE.jar:/root/.m2/repository/org/springframework/spring-webmvc/3.0.5.RELEASE/spring-webmvc-3.0.5.RELEASE.jar:/root/.m2/repository/org/springframework/spring-context-support/3.0.5.RELEASE/spring-context-support-3.0.5.RELEASE.jar:/root/.m2/repository/org/springframework/spring-tx/3.0.5.RELEASE/spring-tx-3.0.5.RELEASE.jar:/root/.m2/repository/org/springframework/spring-jdbc/3.0.5.RELEASE/spring-jdbc-3.0.5.RELEASE.jar:/root/.m2/repository/org/springframework/security/spring-security-cas-client/3.0.5.RELEASE/spring-security-cas-client-3.0.5.RELEASE.jar:/root/.m2/repository/org/springframework/security/spring-security-core/3.0.5.RELEASE/spring-security-core-3.0.5.RELEASE.jar:/root/.m2/repository/org/aspectj/aspectjweaver/1.6.10/aspectjweaver-1.6.10.jar:/root/.m2/repository/org/springframework/security/spring-security-web/3.0.5.RELEASE/spring-security-web-3.0.5.RELEASE.jar:/root/.m2/repository/org/jasig/cas/cas-client-core/3.1.10/cas-client-core-3.1.10.jar:/root/.m2/repository/org/springframework/security/spring-security-config/3.0.5.RELEASE/spring-security-config-3.0.5.RELEASE.jar:/root/.m2/repository/org/jasig/cas/cas-server-core/3.4.12/cas-server-core-3.4.12.jar:/root/.m2/repository/log4j/log4j/1.2.15/log4j-1.2.15.jar:/root/.m2/repository/org/jasig/service/person-directory-impl/1.5.0-RC6/person-directory-impl-1.5.0-RC6.jar:/root/.m2/repository/com/sun/xml/bind/jaxb-impl/2.1.3/jaxb-impl-2.1.3.jar:/root/.m2/repository/javax/xml/bind/jaxb-api/2.1/jaxb-api-2.1.jar:/root/.m2/repository/javax/xml/stream/stax-api/1.0-2/stax-api-1.0-2.jar:/root/.m2/repository/javax/activation/activation/1.1/activation-1.1.jar:/root/.m2/repository/commons-collections/commons-collections/3.2.1/commons-collections-3.2.1.jar:/root/.m2/repository/commons-lang/commons-lang/2.5/commons-lang-2.5.jar:/root/.m2/repository/org/jasig/service/person-directory-api/1.5.0-RC6/person-directory-api-1.5.0-RC6.jar:/root/.m2/repository/commons-codec/commons-codec/1.4/commons-codec-1.4.jar:/root/.m2/repository/jdom/jdom/1.0/jdom-1.0.jar:/root/.m2/repository/org/springframework/spring-orm/3.0.5.RELEASE/spring-orm-3.0.5.RELEASE.jar:/root/.m2/repository/org/hibernate/hibernate-core/3.6.0.Final/hibernate-core-3.6.0.Final.jar:/root/.m2/repository/antlr/antlr/2.7.6/antlr-2.7.6.jar:/root/.m2/repository/dom4j/dom4j/1.6.1/dom4j-1.6.1.jar:/root/.m2/repository/org/hibernate/hibernate-commons-annotations/3.2.0.Final/hibernate-commons-annotations-3.2.0.Final.jar:/root/.m2/repository/org/hibernate/javax/persistence/hibernate-jpa-2.0-api/1.0.0.Final/hibernate-jpa-2.0-api-1.0.0.Final.jar:/root/.m2/repository/javax/transaction/jta/1.1/jta-1.1.jar:/root/.m2/repository/org/apache/santuario/xmlsec/1.4.3/xmlsec-1.4.3.jar:/root/.m2/repository/org/opensaml/opensaml/1.1b/opensaml-1.1b.jar:/root/.m2/repository/javax/xml/xmldsig/1.0/xmldsig-1.0.jar:/root/.m2/repository/org/perf4j/perf4j/0.9.14/perf4j-0.9.14-log4jonly.jar:/root/.m2/repository/org/springframework/webflow/spring-webflow/2.2.1.RELEASE/spring-webflow-2.2.1.RELEASE.jar:/root/.m2/repository/org/springframework/webflow/spring-binding/2.2.1.RELEASE/spring-binding-2.2.1.RELEASE.jar:/root/.m2/repository/org/springframework/webflow/spring-js/2.2.1.RELEASE/spring-js-2.2.1.RELEASE.jar:/root/.m2/repository/org/springframework/webflow/spring-js-resources/2.2.1.RELEASE/spring-js-resources-2.2.1.RELEASE.jar:/root/.m2/repository/commons-jexl/commons-jexl/1.1/commons-jexl-1.1.jar:/root/.m2/repository/junit/junit/4.7/junit-4.7.jar:/root/.m2/repository/commons-io/commons-io/2.0/commons-io-2.0.jar:/root/.m2/repository/org/slf4j/slf4j-log4j12/1.5.8/slf4j-log4j12-1.5.8.jar:/root/.m2/repository/org/slf4j/jcl-over-slf4j/1.5.8/jcl-over-slf4j-1.5.8.jar:/root/.m2/repository/org/opensymphony/quartz/quartz/1.6.1/quartz-1.6.1.jar:/root/.m2/repository/javax/servlet/jstl/1.1.2/jstl-1.1.2.jar:/root/.m2/repository/taglibs/standard/1.1.2/standard-1.1.2.jar:/root/.m2/repository/ognl/ognl/2.7.3/ognl-2.7.3.jar:/root/.m2/repository/jboss/javassist/3.7.ga/javassist-3.7.ga.jar:/root/.m2/repository/org/hibernate/hibernate-validator/4.0.2.GA/hibernate-validator-4.0.2.GA.jar:/home/chongyu/workspace/mikeccydemo/cas/cas-server/cas-server-3.4.12/modules/cas-server-support-jdbc-3.4.12.jar:/root/.m2/repository/mysql/mysql-connector-java/5.1.20/mysql-connector-java-5.1.20.jar:/root/.m2/repository/org/springframework/spring-test/3.0.5.RELEASE/spring-test-3.0.5.RELEASE.jar:/root/.m2/repository/javax/servlet/servlet-api/2.5/servlet-api-2.5.jar:/home/chongyu/workspace/mikeccydemo/cas/cas-server/cas-server-3.4.12/cas-server-webapp/target/test-lib/jdbc-driver.jar:"/>
    <property name="java.specification.name" value="Java Platform API Specification"/>
    <property name="java.class.version" value="50.0"/>
    <property name="sun.management.compiler" value="HotSpot 64-Bit Tiered Compilers"/>
    <property name="os.version" value="3.0.0-12-generic"/>
    <property name="user.home" value="/root"/>
    <property name="user.timezone" value="America/Los_Angeles"/>
    <property name="java.awt.printerjob" value="sun.print.PSPrinterJob"/>
    <property name="file.encoding" value="UTF-8"/>
    <property name="java.specification.version" value="1.6"/>
    <property name="user.name" value="root"/>
    <property name="java.class.path" value="/home/chongyu/workspace/mikeccydemo/cas/cas-server/cas-server-3.4.12/cas-server-webapp/target/test-classes:/home/chongyu/workspace/mikeccydemo/cas/cas-server/cas-server-3.4.12/cas-server-webapp/target/classes:/root/.m2/repository/org/mockito/mockito-all/1.8.5/mockito-all-1.8.5.jar:/root/.m2/repository/com/github/inspektr/inspektr-support-spring/1.0.5.GA/inspektr-support-spring-1.0.5.GA.jar:/root/.m2/repository/com/github/inspektr/inspektr-audit/1.0.5.GA/inspektr-audit-1.0.5.GA.jar:/root/.m2/repository/org/aspectj/aspectjrt/1.6.10/aspectjrt-1.6.10.jar:/root/.m2/repository/com/github/inspektr/inspektr-common/1.0.5.GA/inspektr-common-1.0.5.GA.jar:/root/.m2/repository/org/slf4j/slf4j-api/1.5.8/slf4j-api-1.5.8.jar:/root/.m2/repository/javax/validation/validation-api/1.0.0.GA/validation-api-1.0.0.GA.jar:/root/.m2/repository/com/github/inspektr/inspektr-error/1.0.5.GA/inspektr-error-1.0.5.GA.jar:/root/.m2/repository/org/springframework/spring-web/3.0.5.RELEASE/spring-web-3.0.5.RELEASE.jar:/root/.m2/repository/aopalliance/aopalliance/1.0/aopalliance-1.0.jar:/root/.m2/repository/org/springframework/spring-beans/3.0.5.RELEASE/spring-beans-3.0.5.RELEASE.jar:/root/.m2/repository/org/springframework/spring-core/3.0.5.RELEASE/spring-core-3.0.5.RELEASE.jar:/root/.m2/repository/org/springframework/spring-asm/3.0.5.RELEASE/spring-asm-3.0.5.RELEASE.jar:/root/.m2/repository/org/springframework/spring-context/3.0.5.RELEASE/spring-context-3.0.5.RELEASE.jar:/root/.m2/repository/org/springframework/spring-aop/3.0.5.RELEASE/spring-aop-3.0.5.RELEASE.jar:/root/.m2/repository/org/springframework/spring-expression/3.0.5.RELEASE/spring-expression-3.0.5.RELEASE.jar:/root/.m2/repository/org/springframework/spring-webmvc/3.0.5.RELEASE/spring-webmvc-3.0.5.RELEASE.jar:/root/.m2/repository/org/springframework/spring-context-support/3.0.5.RELEASE/spring-context-support-3.0.5.RELEASE.jar:/root/.m2/repository/org/springframework/spring-tx/3.0.5.RELEASE/spring-tx-3.0.5.RELEASE.jar:/root/.m2/repository/org/springframework/spring-jdbc/3.0.5.RELEASE/spring-jdbc-3.0.5.RELEASE.jar:/root/.m2/repository/org/springframework/security/spring-security-cas-client/3.0.5.RELEASE/spring-security-cas-client-3.0.5.RELEASE.jar:/root/.m2/repository/org/springframework/security/spring-security-core/3.0.5.RELEASE/spring-security-core-3.0.5.RELEASE.jar:/root/.m2/repository/org/aspectj/aspectjweaver/1.6.10/aspectjweaver-1.6.10.jar:/root/.m2/repository/org/springframework/security/spring-security-web/3.0.5.RELEASE/spring-security-web-3.0.5.RELEASE.jar:/root/.m2/repository/org/jasig/cas/cas-client-core/3.1.10/cas-client-core-3.1.10.jar:/root/.m2/repository/org/springframework/security/spring-security-config/3.0.5.RELEASE/spring-security-config-3.0.5.RELEASE.jar:/root/.m2/repository/org/jasig/cas/cas-server-core/3.4.12/cas-server-core-3.4.12.jar:/root/.m2/repository/log4j/log4j/1.2.15/log4j-1.2.15.jar:/root/.m2/repository/org/jasig/service/person-directory-impl/1.5.0-RC6/person-directory-impl-1.5.0-RC6.jar:/root/.m2/repository/com/sun/xml/bind/jaxb-impl/2.1.3/jaxb-impl-2.1.3.jar:/root/.m2/repository/javax/xml/bind/jaxb-api/2.1/jaxb-api-2.1.jar:/root/.m2/repository/javax/xml/stream/stax-api/1.0-2/stax-api-1.0-2.jar:/root/.m2/repository/javax/activation/activation/1.1/activation-1.1.jar:/root/.m2/repository/commons-collections/commons-collections/3.2.1/commons-collections-3.2.1.jar:/root/.m2/repository/commons-lang/commons-lang/2.5/commons-lang-2.5.jar:/root/.m2/repository/org/jasig/service/person-directory-api/1.5.0-RC6/person-directory-api-1.5.0-RC6.jar:/root/.m2/repository/commons-codec/commons-codec/1.4/commons-codec-1.4.jar:/root/.m2/repository/jdom/jdom/1.0/jdom-1.0.jar:/root/.m2/repository/org/springframework/spring-orm/3.0.5.RELEASE/spring-orm-3.0.5.RELEASE.jar:/root/.m2/repository/org/hibernate/hibernate-core/3.6.0.Final/hibernate-core-3.6.0.Final.jar:/root/.m2/repository/antlr/antlr/2.7.6/antlr-2.7.6.jar:/root/.m2/repository/dom4j/dom4j/1.6.1/dom4j-1.6.1.jar:/root/.m2/repository/org/hibernate/hibernate-commons-annotations/3.2.0.Final/hibernate-commons-annotations-3.2.0.Final.jar:/root/.m2/repository/org/hibernate/javax/persistence/hibernate-jpa-2.0-api/1.0.0.Final/hibernate-jpa-2.0-api-1.0.0.Final.jar:/root/.m2/repository/javax/transaction/jta/1.1/jta-1.1.jar:/root/.m2/repository/org/apache/santuario/xmlsec/1.4.3/xmlsec-1.4.3.jar:/root/.m2/repository/org/opensaml/opensaml/1.1b/opensaml-1.1b.jar:/root/.m2/repository/javax/xml/xmldsig/1.0/xmldsig-1.0.jar:/root/.m2/repository/org/perf4j/perf4j/0.9.14/perf4j-0.9.14-log4jonly.jar:/root/.m2/repository/org/springframework/webflow/spring-webflow/2.2.1.RELEASE/spring-webflow-2.2.1.RELEASE.jar:/root/.m2/repository/org/springframework/webflow/spring-binding/2.2.1.RELEASE/spring-binding-2.2.1.RELEASE.jar:/root/.m2/repository/org/springframework/webflow/spring-js/2.2.1.RELEASE/spring-js-2.2.1.RELEASE.jar:/root/.m2/repository/org/springframework/webflow/spring-js-resources/2.2.1.RELEASE/spring-js-resources-2.2.1.RELEASE.jar:/root/.m2/repository/commons-jexl/commons-jexl/1.1/commons-jexl-1.1.jar:/root/.m2/repository/junit/junit/4.7/junit-4.7.jar:/root/.m2/repository/commons-io/commons-io/2.0/commons-io-2.0.jar:/root/.m2/repository/org/slf4j/slf4j-log4j12/1.5.8/slf4j-log4j12-1.5.8.jar:/root/.m2/repository/org/slf4j/jcl-over-slf4j/1.5.8/jcl-over-slf4j-1.5.8.jar:/root/.m2/repository/org/opensymphony/quartz/quartz/1.6.1/quartz-1.6.1.jar:/root/.m2/repository/javax/servlet/jstl/1.1.2/jstl-1.1.2.jar:/root/.m2/repository/taglibs/standard/1.1.2/standard-1.1.2.jar:/root/.m2/repository/ognl/ognl/2.7.3/ognl-2.7.3.jar:/root/.m2/repository/jboss/javassist/3.7.ga/javassist-3.7.ga.jar:/root/.m2/repository/org/hibernate/hibernate-validator/4.0.2.GA/hibernate-validator-4.0.2.GA.jar:/home/chongyu/workspace/mikeccydemo/cas/cas-server/cas-server-3.4.12/modules/cas-server-support-jdbc-3.4.12.jar:/root/.m2/repository/mysql/mysql-connector-java/5.1.20/mysql-connector-java-5.1.20.jar:/root/.m2/repository/org/springframework/spring-test/3.0.5.RELEASE/spring-test-3.0.5.RELEASE.jar:/root/.m2/repository/javax/servlet/servlet-api/2.5/servlet-api-2.5.jar:/home/chongyu/workspace/mikeccydemo/cas/cas-server/cas-server-3.4.12/cas-server-webapp/target/test-lib/jdbc-driver.jar:"/>
    <property name="java.vm.specification.version" value="1.0"/>
    <property name="sun.arch.data.model" value="64"/>
    <property name="java.home" value="/usr/lib/jvm/java/jdk1.6.0_33/jre"/>
    <property name="sun.java.command" value="/tmp/surefirebooter676534180388355149.jar /tmp/surefire8694410779371656490tmp /tmp/surefire7665839321383806323tmp"/>
    <property name="java.specification.vendor" value="Sun Microsystems Inc."/>
    <property name="user.language" value="en"/>
    <property name="java.vm.info" value="mixed mode"/>
    <property name="java.version" value="1.6.0_33"/>
    <property name="java.ext.dirs" value="/usr/lib/jvm/java/jdk1.6.0_33/jre/lib/ext:/usr/java/packages/lib/ext"/>
    <property name="sun.boot.class.path" value="/usr/lib/jvm/java/jdk1.6.0_33/jre/lib/resources.jar:/usr/lib/jvm/java/jdk1.6.0_33/jre/lib/rt.jar:/usr/lib/jvm/java/jdk1.6.0_33/jre/lib/sunrsasign.jar:/usr/lib/jvm/java/jdk1.6.0_33/jre/lib/jsse.jar:/usr/lib/jvm/java/jdk1.6.0_33/jre/lib/jce.jar:/usr/lib/jvm/java/jdk1.6.0_33/jre/lib/charsets.jar:/usr/lib/jvm/java/jdk1.6.0_33/jre/lib/modules/jdk.boot.jar:/usr/lib/jvm/java/jdk1.6.0_33/jre/classes"/>
    <property name="java.vendor" value="Sun Microsystems Inc."/>
    <property name="localRepository" value="/root/.m2/repository"/>
    <property name="file.separator" value="/"/>
    <property name="java.vendor.url.bug" value="http://java.sun.com/cgi-bin/bugreport.cgi"/>
    <property name="sun.cpu.endian" value="little"/>
    <property name="sun.io.unicode.encoding" value="UnicodeLittle"/>
    <property name="sun.cpu.isalist" value=""/>
  </properties>
  <testcase time="0.864" classname="org.jasig.cas.util.AutowiringSchedulerFactoryBeanTests" name="testAfterPropertiesSet"/>
</testsuite>